[Fri Oct 13 19:16:12 2023] [DEBUG] function (set_server_port) ; line : 32
Set sever port: 8888

[Fri Oct 13 19:16:12 2023] [DEBUG] function (set_server_ip) ; line : 27 
Set sever ip: 127.0.0.1

[Fri Oct 13 19:16:12 2023] [DEBUG] function (work_loop) ; line : 122
Start client: create epoll : 11

[Fri Oct 13 19:16:12 2023] [DEBUG] function (work_loop) ; line : 172
Client: parent process close pipefd[1] successful

[Fri Oct 13 19:16:12 2023] [DEBUG] function (work_loop) ; line : 143
Client: create child successful

[Fri Oct 13 19:16:12 2023] [DEBUG] function (work_loop) ; line : 145
Client: child process close pipefd[0] successful

[Fri Oct 13 19:16:12 2023] [DEBUG] function (work_loop) ; line : 185
Client epoll: get events from sockfd

[Fri Oct 13 19:16:12 2023] [DEBUG] function (recv_diy) ; line : 48
Parse: Receive msg : msg code = 1

[Fri Oct 13 19:16:15 2023] [DEBUG] function (work_loop) ; line : 199
Client epoll: get events from terminal

[Fri Oct 13 19:16:17 2023] [DEBUG] function (work_loop) ; line : 199
Client epoll: get events from terminal

[Fri Oct 13 19:16:17 2023] [DEBUG] function (work_loop) ; line : 211
Client epoll: send change name msg to server

[Fri Oct 13 19:16:19 2023] [DEBUG] function (work_loop) ; line : 199
Client epoll: get events from terminal

[Fri Oct 13 19:16:19 2023] [DEBUG] function (work_loop) ; line : 235
Client epoll: send msg to server

[Fri Oct 13 19:16:19 2023] [DEBUG] function (work_loop) ; line : 185
Client epoll: get events from sockfd

[Fri Oct 13 19:16:19 2023] [DEBUG] function (recv_diy) ; line : 48
Parse: Receive msg : msg code = 1

[Fri Oct 13 19:16:29 2023] [DEBUG] function (set_server_port) ; line : 32
Set sever port: 8888

[Fri Oct 13 19:16:29 2023] [DEBUG] function (set_server_ip) ; line : 27
Set sever ip: 127.0.0.1

[Fri Oct 13 19:16:29 2023] [DEBUG] function (work_loop) ; line : 122
Start client: create epoll : 11

[Fri Oct 13 19:16:29 2023] [DEBUG] function (work_loop) ; line : 172
Client: parent process close pipefd[1] successful

[Fri Oct 13 19:16:29 2023] [DEBUG] function (work_loop) ; line : 143
Client: create child successful

[Fri Oct 13 19:16:29 2023] [DEBUG] function (work_loop) ; line : 145
Client: child process close pipefd[0] successful

[Fri Oct 13 19:16:29 2023] [DEBUG] function (work_loop) ; line : 185
Client epoll: get events from sockfd

[Fri Oct 13 19:16:29 2023] [DEBUG] function (recv_diy) ; line : 48
Parse: Receive msg : msg code = 1

[Fri Oct 13 19:16:31 2023] [DEBUG] function (work_loop) ; line : 199
Client epoll: get events from terminal

[Fri Oct 13 19:16:33 2023] [DEBUG] function (work_loop) ; line : 199
Client epoll: get events from terminal

[Fri Oct 13 19:16:33 2023] [DEBUG] function (work_loop) ; line : 211
Client epoll: send change name msg to server

[Fri Oct 13 19:16:34 2023] [DEBUG] function (work_loop) ; line : 199
Client epoll: get events from terminal

[Fri Oct 13 19:16:34 2023] [DEBUG] function (work_loop) ; line : 235
Client epoll: send msg to server

[Fri Oct 13 19:16:34 2023] [DEBUG] function (work_loop) ; line : 185
Client epoll: get events from sockfd

[Fri Oct 13 19:16:34 2023] [DEBUG] function (recv_diy) ; line : 48
Parse: Receive msg : msg code = 1

[Fri Oct 13 19:16:36 2023] [DEBUG] function (work_loop) ; line : 199
Client epoll: get events from terminal

[Fri Oct 13 19:16:36 2023] [DEBUG] function (work_loop) ; line : 235
Client epoll: send msg to server

[Fri Oct 13 19:16:36 2023] [DEBUG] function (work_loop) ; line : 185
Client epoll: get events from sockfd

[Fri Oct 13 19:16:36 2023] [DEBUG] function (recv_diy) ; line : 48
Parse: Receive msg : msg code = 1

[Fri Oct 13 19:16:37 2023] [DEBUG] function (work_loop) ; line : 199
Client epoll: get events from terminal

[Fri Oct 13 19:16:37 2023] [DEBUG] function (work_loop) ; line : 235
Client epoll: send msg to server

[Fri Oct 13 19:16:37 2023] [DEBUG] function (work_loop) ; line : 185
Client epoll: get events from sockfd

[Fri Oct 13 19:16:37 2023] [DEBUG] function (recv_diy) ; line : 48
Parse: Receive msg : msg code = 1

[Fri Oct 13 19:16:39 2023] [DEBUG] function (work_loop) ; line : 199
Client epoll: get events from terminal

[Fri Oct 13 19:16:39 2023] [DEBUG] function (work_loop) ; line : 235
Client epoll: send msg to server

[Fri Oct 13 19:16:39 2023] [DEBUG] function (work_loop) ; line : 185
Client epoll: get events from sockfd

[Fri Oct 13 19:16:39 2023] [DEBUG] function (recv_diy) ; line : 48
Parse: Receive msg : msg code = 1

[Fri Oct 13 19:16:41 2023] [DEBUG] function (work_loop) ; line : 199
Client epoll: get events from terminal

[Fri Oct 13 19:16:41 2023] [DEBUG] function (work_loop) ; line : 235
Client epoll: send msg to server

[Fri Oct 13 19:16:41 2023] [DEBUG] function (work_loop) ; line : 185
Client epoll: get events from sockfd

[Fri Oct 13 19:16:41 2023] [DEBUG] function (recv_diy) ; line : 48
Parse: Receive msg : msg code = 1

[Fri Oct 13 19:16:44 2023] [DEBUG] function (work_loop) ; line : 185
Client epoll: get events from sockfd

[Fri Oct 13 19:16:44 2023] [DEBUG] function (recv_diy) ; line : 48
Parse: Receive msg : msg code = 1

[Fri Oct 13 19:16:44 2023] [DEBUG] function (work_loop) ; line : 185
Client epoll: get events from sockfd

[Fri Oct 13 19:16:44 2023] [DEBUG] function (recv_diy) ; line : 48
Parse: Receive msg : msg code = 1

[Fri Oct 13 19:16:44 2023] [DEBUG] function (work_loop) ; line : 185
Client epoll: get events from sockfd

[Fri Oct 13 19:16:44 2023] [DEBUG] function (recv_diy) ; line : 48
Parse: Receive msg : msg code = 1

[Fri Oct 13 19:16:44 2023] [DEBUG] function (work_loop) ; line : 185
Client epoll: get events from sockfd

[Fri Oct 13 19:16:44 2023] [DEBUG] function (recv_diy) ; line : 48
Parse: Receive msg : msg code = 1

[Fri Oct 13 19:16:44 2023] [DEBUG] function (work_loop) ; line : 185
Client epoll: get events from sockfd

[Fri Oct 13 19:16:44 2023] [DEBUG] function (recv_diy) ; line : 48
Parse: Receive msg : msg code = 1

[Fri Oct 13 19:16:44 2023] [DEBUG] function (work_loop) ; line : 185
Client epoll: get events from sockfd

[Fri Oct 13 19:16:44 2023] [DEBUG] function (recv_diy) ; line : 48
Parse: Receive msg : msg code = 1

[Fri Oct 13 19:16:44 2023] [DEBUG] function (work_loop) ; line : 185
Client epoll: get events from sockfd

[Fri Oct 13 19:16:44 2023] [DEBUG] function (recv_diy) ; line : 48
Parse: Receive msg : msg code = 1

[Fri Oct 13 19:16:44 2023] [DEBUG] function (work_loop) ; line : 185
Client epoll: get events from sockfd

[Fri Oct 13 19:16:44 2023] [DEBUG] function (recv_diy) ; line : 48
Parse: Receive msg : msg code = 1

